<?xml version="1.0" encoding="UTF-8"?>
<testsuite name="com.ceiba.parqueadero.ComprobacionesEntradaYSalidaVehiculosTest" tests="8" skipped="0" failures="0" errors="0" timestamp="2018-04-11T15:01:14" hostname="ANGGIE-SANTACOLOMA" time="0.006">
  <properties/>
  <testcase name="validarEstadoDentro" classname="com.ceiba.parqueadero.ComprobacionesEntradaYSalidaVehiculosTest" time="0.003"/>
  <testcase name="validarCilindraje" classname="com.ceiba.parqueadero.ComprobacionesEntradaYSalidaVehiculosTest" time="0.0"/>
  <testcase name="validarIngresoVehiculoLunesODomingoConA" classname="com.ceiba.parqueadero.ComprobacionesEntradaYSalidaVehiculosTest" time="0.0"/>
  <testcase name="validarTipoVehiculo1" classname="com.ceiba.parqueadero.ComprobacionesEntradaYSalidaVehiculosTest" time="0.001"/>
  <testcase name="validarTipoVehiculo2" classname="com.ceiba.parqueadero.ComprobacionesEntradaYSalidaVehiculosTest" time="0.0"/>
  <testcase name="validarIngresoVehiculo" classname="com.ceiba.parqueadero.ComprobacionesEntradaYSalidaVehiculosTest" time="0.001"/>
  <testcase name="validarEstadoFuera" classname="com.ceiba.parqueadero.ComprobacionesEntradaYSalidaVehiculosTest" time="0.0"/>
  <testcase name="validarIngresoVehiculoSinInicalA" classname="com.ceiba.parqueadero.ComprobacionesEntradaYSalidaVehiculosTest" time="0.0"/>
  <system-out><![CDATA[]]></system-out>
  <system-err><![CDATA[]]></system-err>
</testsuite>
